mode: set
gabe565.com/changelog-generator/main.go:12.13,14.39 2 0
gabe565.com/changelog-generator/main.go:14.39,16.3 1 0
gabe565.com/changelog-generator/internal/generate/docs/main.go:13.13,18.16 4 0
gabe565.com/changelog-generator/internal/generate/docs/main.go:18.16,20.3 1 0
gabe565.com/changelog-generator/internal/generate/docs/main.go:22.2,23.16 2 0
gabe565.com/changelog-generator/internal/generate/docs/main.go:23.16,25.3 1 0
gabe565.com/changelog-generator/internal/generate/docs/main.go:27.2,30.16 3 0
gabe565.com/changelog-generator/internal/generate/docs/main.go:30.16,32.3 1 0
gabe565.com/changelog-generator/internal/generate/completions/main.go:15.13,21.45 4 0
gabe565.com/changelog-generator/internal/generate/completions/main.go:21.45,22.13 1 0
gabe565.com/changelog-generator/internal/generate/completions/main.go:25.2,26.16 2 0
gabe565.com/changelog-generator/internal/generate/completions/main.go:26.16,27.13 1 0
gabe565.com/changelog-generator/internal/generate/completions/main.go:30.2,30.52 1 0
gabe565.com/changelog-generator/internal/generate/completions/main.go:30.52,31.13 1 0
gabe565.com/changelog-generator/internal/generate/completions/main.go:34.2,34.58 1 0
gabe565.com/changelog-generator/internal/generate/completions/main.go:34.58,35.13 1 0
gabe565.com/changelog-generator/internal/generate/completions/main.go:38.2,43.77 5 0
gabe565.com/changelog-generator/internal/generate/completions/main.go:43.77,44.62 1 0
gabe565.com/changelog-generator/internal/generate/completions/main.go:44.62,45.14 1 0
gabe565.com/changelog-generator/internal/generate/completions/main.go:48.3,49.17 2 0
gabe565.com/changelog-generator/internal/generate/completions/main.go:49.17,50.14 1 0
gabe565.com/changelog-generator/internal/generate/completions/main.go:53.3,53.45 1 0
gabe565.com/changelog-generator/internal/generate/completions/main.go:53.45,54.14 1 0
gabe565.com/changelog-generator/internal/generate/completions/main.go:57.3,57.35 1 0
gabe565.com/changelog-generator/internal/generate/completions/main.go:57.35,58.14 1 0
gabe565.com/changelog-generator/internal/generate/completions/main.go:61.3,61.58 1 0
gabe565.com/changelog-generator/internal/generate/completions/main.go:61.58,62.14 1 0
gabe565.com/changelog-generator/internal/generate/manpages/main.go:17.13,26.45 6 0
gabe565.com/changelog-generator/internal/generate/manpages/main.go:26.45,27.13 1 0
gabe565.com/changelog-generator/internal/generate/manpages/main.go:30.2,30.49 1 0
gabe565.com/changelog-generator/internal/generate/manpages/main.go:30.49,31.13 1 0
gabe565.com/changelog-generator/internal/generate/manpages/main.go:34.2,34.55 1 0
gabe565.com/changelog-generator/internal/generate/manpages/main.go:34.55,35.13 1 0
gabe565.com/changelog-generator/internal/generate/manpages/main.go:38.2,42.16 4 0
gabe565.com/changelog-generator/internal/generate/manpages/main.go:42.16,43.13 1 0
gabe565.com/changelog-generator/internal/generate/manpages/main.go:46.2,54.69 2 0
gabe565.com/changelog-generator/internal/generate/manpages/main.go:54.69,55.13 1 0
gabe565.com/changelog-generator/internal/generate/manpages/main.go:58.2,58.91 1 0
gabe565.com/changelog-generator/internal/generate/manpages/main.go:58.91,59.33 1 0
gabe565.com/changelog-generator/internal/generate/manpages/main.go:59.33,61.4 1 0
gabe565.com/changelog-generator/internal/generate/manpages/main.go:63.3,64.17 2 0
gabe565.com/changelog-generator/internal/generate/manpages/main.go:64.17,66.4 1 0
gabe565.com/changelog-generator/internal/generate/manpages/main.go:68.3,69.17 2 0
gabe565.com/changelog-generator/internal/generate/manpages/main.go:69.17,71.4 1 0
gabe565.com/changelog-generator/internal/generate/manpages/main.go:72.3,74.44 2 0
gabe565.com/changelog-generator/internal/generate/manpages/main.go:74.44,76.4 1 0
gabe565.com/changelog-generator/internal/generate/manpages/main.go:78.3,78.36 1 0
gabe565.com/changelog-generator/internal/generate/manpages/main.go:78.36,80.4 1 0
gabe565.com/changelog-generator/internal/generate/manpages/main.go:81.3,81.41 1 0
gabe565.com/changelog-generator/internal/generate/manpages/main.go:81.41,83.4 1 0
gabe565.com/changelog-generator/internal/generate/manpages/main.go:85.3,85.36 1 0
gabe565.com/changelog-generator/internal/generate/manpages/main.go:85.36,87.4 1 0
gabe565.com/changelog-generator/internal/generate/manpages/main.go:88.3,88.37 1 0
gabe565.com/changelog-generator/internal/generate/manpages/main.go:88.37,90.4 1 0
gabe565.com/changelog-generator/internal/generate/manpages/main.go:92.3,92.13 1 0
gabe565.com/changelog-generator/internal/generate/manpages/main.go:93.17,94.13 1 0
gabe565.com/changelog-generator/internal/git/git.go:16.61,19.16 3 0
gabe565.com/changelog-generator/internal/git/git.go:19.16,20.49 1 0
gabe565.com/changelog-generator/internal/git/git.go:20.49,22.4 1 0
gabe565.com/changelog-generator/internal/git/git.go:23.3,23.50 1 0
gabe565.com/changelog-generator/internal/git/git.go:26.2,26.18 1 0
gabe565.com/changelog-generator/internal/git/git.go:34.89,42.38 3 0
gabe565.com/changelog-generator/internal/git/git.go:42.38,43.17 1 0
gabe565.com/changelog-generator/internal/git/git.go:43.17,45.4 1 0
gabe565.com/changelog-generator/internal/git/git.go:47.3,47.42 1 0
gabe565.com/changelog-generator/internal/git/git.go:47.42,48.12 1 0
gabe565.com/changelog-generator/internal/git/git.go:51.3,52.17 2 0
gabe565.com/changelog-generator/internal/git/git.go:52.17,54.4 1 0
gabe565.com/changelog-generator/internal/git/git.go:56.3,57.17 2 0
gabe565.com/changelog-generator/internal/git/git.go:57.17,59.4 1 0
gabe565.com/changelog-generator/internal/git/git.go:61.3,61.52 1 0
gabe565.com/changelog-generator/internal/git/git.go:64.2,64.55 1 0
gabe565.com/changelog-generator/internal/git/git.go:64.55,66.3 1 0
gabe565.com/changelog-generator/internal/git/git.go:68.2,68.20 1 0
gabe565.com/changelog-generator/internal/git/git.go:68.20,70.3 1 0
gabe565.com/changelog-generator/internal/git/git.go:72.2,73.16 2 0
gabe565.com/changelog-generator/internal/git/git.go:73.16,74.52 1 0
gabe565.com/changelog-generator/internal/git/git.go:74.52,76.4 1 0
gabe565.com/changelog-generator/internal/git/git.go:77.3,77.18 1 0
gabe565.com/changelog-generator/internal/git/git.go:80.2,80.44 1 0
gabe565.com/changelog-generator/internal/git/git.go:80.44,82.3 1 0
gabe565.com/changelog-generator/internal/git/git.go:83.2,83.20 1 0
gabe565.com/changelog-generator/internal/git/git.go:83.20,85.3 1 0
gabe565.com/changelog-generator/internal/git/git.go:86.2,86.36 1 0
gabe565.com/changelog-generator/internal/git/git.go:89.92,90.60 1 0
gabe565.com/changelog-generator/internal/git/git.go:90.60,91.17 1 0
gabe565.com/changelog-generator/internal/git/git.go:91.17,93.4 1 0
gabe565.com/changelog-generator/internal/git/git.go:95.3,95.47 1 0
gabe565.com/changelog-generator/internal/git/git.go:95.47,96.9 1 0
gabe565.com/changelog-generator/internal/git/git.go:99.3,99.31 1 0
gabe565.com/changelog-generator/internal/git/git.go:99.31,100.12 1 0
gabe565.com/changelog-generator/internal/git/git.go:103.3,103.33 1 0
gabe565.com/changelog-generator/internal/git/git.go:103.33,104.22 1 0
gabe565.com/changelog-generator/internal/git/git.go:104.22,106.10 2 0
gabe565.com/changelog-generator/internal/git/git.go:110.2,110.12 1 0
gabe565.com/changelog-generator/internal/git/git.go:113.88,115.9 2 0
gabe565.com/changelog-generator/internal/git/git.go:116.18,119.17 2 0
gabe565.com/changelog-generator/internal/git/git.go:119.17,121.4 1 0
gabe565.com/changelog-generator/internal/git/git.go:122.3,122.27 1 0
gabe565.com/changelog-generator/internal/git/git.go:123.50,126.20 2 0
gabe565.com/changelog-generator/internal/git/git.go:127.10,128.18 1 0
gabe565.com/changelog-generator/internal/git/iter.go:13.74,14.59 1 0
gabe565.com/changelog-generator/internal/git/iter.go:14.59,16.17 2 0
gabe565.com/changelog-generator/internal/git/iter.go:16.17,19.4 2 0
gabe565.com/changelog-generator/internal/git/iter.go:20.3,22.7 2 0
gabe565.com/changelog-generator/internal/git/iter.go:22.7,24.18 2 0
gabe565.com/changelog-generator/internal/git/iter.go:24.18,25.31 1 0
gabe565.com/changelog-generator/internal/git/iter.go:25.31,27.6 1 0
gabe565.com/changelog-generator/internal/git/iter.go:28.5,28.25 1 0
gabe565.com/changelog-generator/internal/git/iter.go:28.25,30.6 1 0
gabe565.com/changelog-generator/internal/git/iter.go:33.4,33.24 1 0
gabe565.com/changelog-generator/internal/git/iter.go:33.24,35.5 1 0
gabe565.com/changelog-generator/internal/git/iter.go:40.94,41.54 1 0
gabe565.com/changelog-generator/internal/git/iter.go:41.54,43.17 2 0
gabe565.com/changelog-generator/internal/git/iter.go:43.17,44.53 1 0
gabe565.com/changelog-generator/internal/git/iter.go:44.53,46.5 1 0
gabe565.com/changelog-generator/internal/git/iter.go:47.4,48.10 2 0
gabe565.com/changelog-generator/internal/git/iter.go:50.3,52.7 2 0
gabe565.com/changelog-generator/internal/git/iter.go:52.7,54.18 2 0
gabe565.com/changelog-generator/internal/git/iter.go:54.18,55.31 1 0
gabe565.com/changelog-generator/internal/git/iter.go:55.31,57.6 1 0
gabe565.com/changelog-generator/internal/git/iter.go:58.5,58.25 1 0
gabe565.com/changelog-generator/internal/git/iter.go:58.25,60.6 1 0
gabe565.com/changelog-generator/internal/git/iter.go:63.4,63.24 1 0
gabe565.com/changelog-generator/internal/git/iter.go:63.24,65.5 1 0
gabe565.com/changelog-generator/cmd/cmd.go:16.48,19.72 3 1
gabe565.com/changelog-generator/cmd/cmd.go:19.72,25.3 2 0
gabe565.com/changelog-generator/cmd/cmd.go:27.2,38.27 3 1
gabe565.com/changelog-generator/cmd/cmd.go:38.27,40.3 1 0
gabe565.com/changelog-generator/cmd/cmd.go:41.2,41.12 1 1
gabe565.com/changelog-generator/cmd/cmd.go:44.48,46.16 2 1
gabe565.com/changelog-generator/cmd/cmd.go:46.16,48.3 1 0
gabe565.com/changelog-generator/cmd/cmd.go:50.2,53.16 3 1
gabe565.com/changelog-generator/cmd/cmd.go:53.16,55.3 1 0
gabe565.com/changelog-generator/cmd/cmd.go:57.2,58.94 2 1
gabe565.com/changelog-generator/cmd/cmd.go:58.94,60.3 1 0
gabe565.com/changelog-generator/cmd/cmd.go:62.2,62.99 1 1
gabe565.com/changelog-generator/cmd/cmd.go:62.99,64.3 1 0
gabe565.com/changelog-generator/cmd/cmd.go:66.2,67.12 2 1
gabe565.com/changelog-generator/cmd/cmd.go:70.50,71.18 1 1
gabe565.com/changelog-generator/cmd/cmd.go:71.18,73.3 1 1
gabe565.com/changelog-generator/cmd/cmd.go:74.2,74.16 1 1
gabe565.com/changelog-generator/internal/git/git.go:16.61,19.16 3 1
gabe565.com/changelog-generator/internal/git/git.go:19.16,20.49 1 0
gabe565.com/changelog-generator/internal/git/git.go:20.49,22.4 1 0
gabe565.com/changelog-generator/internal/git/git.go:23.3,23.50 1 0
gabe565.com/changelog-generator/internal/git/git.go:26.2,26.18 1 1
gabe565.com/changelog-generator/internal/git/git.go:34.89,42.38 3 1
gabe565.com/changelog-generator/internal/git/git.go:42.38,43.17 1 1
gabe565.com/changelog-generator/internal/git/git.go:43.17,45.4 1 0
gabe565.com/changelog-generator/internal/git/git.go:47.3,47.42 1 1
gabe565.com/changelog-generator/internal/git/git.go:47.42,48.12 1 0
gabe565.com/changelog-generator/internal/git/git.go:51.3,52.17 2 1
gabe565.com/changelog-generator/internal/git/git.go:52.17,54.4 1 0
gabe565.com/changelog-generator/internal/git/git.go:56.3,57.17 2 1
gabe565.com/changelog-generator/internal/git/git.go:57.17,59.4 1 0
gabe565.com/changelog-generator/internal/git/git.go:61.3,61.52 1 1
gabe565.com/changelog-generator/internal/git/git.go:64.2,64.55 1 1
gabe565.com/changelog-generator/internal/git/git.go:64.55,66.3 1 1
gabe565.com/changelog-generator/internal/git/git.go:68.2,68.20 1 1
gabe565.com/changelog-generator/internal/git/git.go:68.20,70.3 1 1
gabe565.com/changelog-generator/internal/git/git.go:72.2,73.16 2 1
gabe565.com/changelog-generator/internal/git/git.go:73.16,74.52 1 0
gabe565.com/changelog-generator/internal/git/git.go:74.52,76.4 1 0
gabe565.com/changelog-generator/internal/git/git.go:77.3,77.18 1 0
gabe565.com/changelog-generator/internal/git/git.go:80.2,80.44 1 1
gabe565.com/changelog-generator/internal/git/git.go:80.44,82.3 1 1
gabe565.com/changelog-generator/internal/git/git.go:83.2,83.20 1 1
gabe565.com/changelog-generator/internal/git/git.go:83.20,85.3 1 1
gabe565.com/changelog-generator/internal/git/git.go:86.2,86.36 1 1
gabe565.com/changelog-generator/internal/git/git.go:89.92,90.60 1 1
gabe565.com/changelog-generator/internal/git/git.go:90.60,91.17 1 1
gabe565.com/changelog-generator/internal/git/git.go:91.17,93.4 1 1
gabe565.com/changelog-generator/internal/git/git.go:95.3,95.47 1 1
gabe565.com/changelog-generator/internal/git/git.go:95.47,96.9 1 1
gabe565.com/changelog-generator/internal/git/git.go:99.3,99.31 1 1
gabe565.com/changelog-generator/internal/git/git.go:99.31,100.12 1 0
gabe565.com/changelog-generator/internal/git/git.go:103.3,103.33 1 1
gabe565.com/changelog-generator/internal/git/git.go:103.33,104.22 1 1
gabe565.com/changelog-generator/internal/git/git.go:104.22,106.10 2 1
gabe565.com/changelog-generator/internal/git/git.go:110.2,110.12 1 1
gabe565.com/changelog-generator/internal/git/git.go:113.88,115.9 2 1
gabe565.com/changelog-generator/internal/git/git.go:116.18,119.17 2 1
gabe565.com/changelog-generator/internal/git/git.go:119.17,121.4 1 0
gabe565.com/changelog-generator/internal/git/git.go:122.3,122.27 1 1
gabe565.com/changelog-generator/internal/git/git.go:123.50,126.20 2 1
gabe565.com/changelog-generator/internal/git/git.go:127.10,128.18 1 0
gabe565.com/changelog-generator/internal/git/iter.go:13.74,14.59 1 1
gabe565.com/changelog-generator/internal/git/iter.go:14.59,16.17 2 1
gabe565.com/changelog-generator/internal/git/iter.go:16.17,19.4 2 0
gabe565.com/changelog-generator/internal/git/iter.go:20.3,22.7 2 1
gabe565.com/changelog-generator/internal/git/iter.go:22.7,24.18 2 1
gabe565.com/changelog-generator/internal/git/iter.go:24.18,25.31 1 1
gabe565.com/changelog-generator/internal/git/iter.go:25.31,27.6 1 1
gabe565.com/changelog-generator/internal/git/iter.go:28.5,28.25 1 0
gabe565.com/changelog-generator/internal/git/iter.go:28.25,30.6 1 0
gabe565.com/changelog-generator/internal/git/iter.go:33.4,33.24 1 1
gabe565.com/changelog-generator/internal/git/iter.go:33.24,35.5 1 0
gabe565.com/changelog-generator/internal/git/iter.go:40.94,41.54 1 1
gabe565.com/changelog-generator/internal/git/iter.go:41.54,43.17 2 1
gabe565.com/changelog-generator/internal/git/iter.go:43.17,44.53 1 1
gabe565.com/changelog-generator/internal/git/iter.go:44.53,46.5 1 1
gabe565.com/changelog-generator/internal/git/iter.go:47.4,48.10 2 1
gabe565.com/changelog-generator/internal/git/iter.go:50.3,52.7 2 1
gabe565.com/changelog-generator/internal/git/iter.go:52.7,54.18 2 1
gabe565.com/changelog-generator/internal/git/iter.go:54.18,55.31 1 1
gabe565.com/changelog-generator/internal/git/iter.go:55.31,57.6 1 1
gabe565.com/changelog-generator/internal/git/iter.go:58.5,58.25 1 0
gabe565.com/changelog-generator/internal/git/iter.go:58.25,60.6 1 0
gabe565.com/changelog-generator/internal/git/iter.go:63.4,63.24 1 1
gabe565.com/changelog-generator/internal/git/iter.go:63.24,65.5 1 1
gabe565.com/changelog-generator/internal/config/config.go:16.27,22.2 1 1
gabe565.com/changelog-generator/internal/config/config.go:24.34,27.56 3 0
gabe565.com/changelog-generator/internal/config/config.go:27.56,29.3 1 0
gabe565.com/changelog-generator/internal/config/config.go:30.2,31.29 2 0
gabe565.com/changelog-generator/internal/config/config.go:31.29,33.32 2 0
gabe565.com/changelog-generator/internal/config/config.go:33.32,34.37 1 0
gabe565.com/changelog-generator/internal/config/config.go:34.37,36.5 1 0
gabe565.com/changelog-generator/internal/config/config.go:37.4,38.15 2 0
gabe565.com/changelog-generator/internal/config/config.go:41.2,41.15 1 0
gabe565.com/changelog-generator/internal/config/filter.go:17.48,19.9 2 1
gabe565.com/changelog-generator/internal/config/filter.go:20.29,21.34 1 1
gabe565.com/changelog-generator/internal/config/filter.go:21.34,22.36 1 1
gabe565.com/changelog-generator/internal/config/filter.go:22.36,24.5 1 1
gabe565.com/changelog-generator/internal/config/filter.go:26.3,26.15 1 1
gabe565.com/changelog-generator/internal/config/filter.go:27.29,28.34 1 1
gabe565.com/changelog-generator/internal/config/filter.go:28.34,29.36 1 1
gabe565.com/changelog-generator/internal/config/filter.go:29.36,31.5 1 1
gabe565.com/changelog-generator/internal/config/filter.go:33.3,33.14 1 1
gabe565.com/changelog-generator/internal/config/filter.go:35.2,35.13 1 1
gabe565.com/changelog-generator/internal/config/flags.go:14.40,18.137 3 0
gabe565.com/changelog-generator/internal/config/flags.go:18.137,20.3 1 0
gabe565.com/changelog-generator/internal/config/flags.go:22.2,23.135 2 0
gabe565.com/changelog-generator/internal/config/flags.go:23.135,25.3 1 0
gabe565.com/changelog-generator/internal/config/group.go:28.48,29.17 1 1
gabe565.com/changelog-generator/internal/config/group.go:29.17,32.3 2 1
gabe565.com/changelog-generator/internal/config/group.go:33.2,33.13 1 1
gabe565.com/changelog-generator/internal/config/group.go:36.45,38.2 1 0
gabe565.com/changelog-generator/internal/config/group.go:40.35,41.14 1 0
gabe565.com/changelog-generator/internal/config/group.go:42.21,43.66 1 0
gabe565.com/changelog-generator/internal/config/group.go:43.66,45.4 1 0
gabe565.com/changelog-generator/internal/config/group.go:46.22,47.66 1 0
gabe565.com/changelog-generator/internal/config/group.go:47.66,49.4 1 0
gabe565.com/changelog-generator/internal/config/group.go:53.45,54.25 1 1
gabe565.com/changelog-generator/internal/config/group.go:54.25,56.3 1 1
gabe565.com/changelog-generator/internal/config/group.go:58.2,59.19 2 1
gabe565.com/changelog-generator/internal/config/group.go:59.19,61.3 1 1
gabe565.com/changelog-generator/internal/config/group.go:63.2,63.35 1 1
gabe565.com/changelog-generator/internal/config/group.go:63.35,65.34 2 1
gabe565.com/changelog-generator/internal/config/group.go:65.34,67.4 1 1
gabe565.com/changelog-generator/internal/config/group.go:68.3,69.25 2 1
gabe565.com/changelog-generator/internal/config/group.go:71.2,71.15 1 1
gabe565.com/changelog-generator/internal/config/load.go:21.48,26.68 3 1
gabe565.com/changelog-generator/internal/config/load.go:26.68,28.3 1 0
gabe565.com/changelog-generator/internal/config/load.go:31.2,32.64 2 1
gabe565.com/changelog-generator/internal/config/load.go:32.64,34.17 2 1
gabe565.com/changelog-generator/internal/config/load.go:34.17,36.4 1 0
gabe565.com/changelog-generator/internal/config/load.go:37.3,37.17 1 1
gabe565.com/changelog-generator/internal/config/load.go:38.8,40.17 2 1
gabe565.com/changelog-generator/internal/config/load.go:40.17,42.4 1 0
gabe565.com/changelog-generator/internal/config/load.go:43.3,43.16 1 1
gabe565.com/changelog-generator/internal/config/load.go:45.2,46.16 2 1
gabe565.com/changelog-generator/internal/config/load.go:46.16,48.3 1 0
gabe565.com/changelog-generator/internal/config/load.go:49.2,54.19 4 1
gabe565.com/changelog-generator/internal/config/load.go:54.19,56.3 1 1
gabe565.com/changelog-generator/internal/config/load.go:56.8,66.3 2 1
gabe565.com/changelog-generator/internal/config/load.go:69.2,70.35 2 1
gabe565.com/changelog-generator/internal/config/load.go:70.35,72.28 2 1
gabe565.com/changelog-generator/internal/config/load.go:72.28,74.4 1 1
gabe565.com/changelog-generator/internal/config/load.go:76.3,76.67 1 1
gabe565.com/changelog-generator/internal/config/load.go:76.67,77.38 1 1
gabe565.com/changelog-generator/internal/config/load.go:77.38,78.13 1 1
gabe565.com/changelog-generator/internal/config/load.go:80.4,80.19 1 0
gabe565.com/changelog-generator/internal/config/load.go:83.3,83.28 1 1
gabe565.com/changelog-generator/internal/config/load.go:83.28,84.68 1 1
gabe565.com/changelog-generator/internal/config/load.go:84.68,85.94 1 1
gabe565.com/changelog-generator/internal/config/load.go:85.94,87.6 1 0
gabe565.com/changelog-generator/internal/config/load.go:91.3,91.8 1 1
gabe565.com/changelog-generator/internal/config/load.go:94.2,94.88 1 1
gabe565.com/changelog-generator/internal/config/load.go:94.88,96.3 1 0
gabe565.com/changelog-generator/internal/config/load.go:98.2,98.32 1 1
gabe565.com/changelog-generator/internal/config/load.go:98.32,99.21 1 1
gabe565.com/changelog-generator/internal/config/load.go:99.21,101.18 2 1
gabe565.com/changelog-generator/internal/config/load.go:101.18,103.5 1 0
gabe565.com/changelog-generator/internal/config/load.go:104.4,104.13 1 1
gabe565.com/changelog-generator/internal/config/load.go:107.2,107.27 1 1
gabe565.com/changelog-generator/internal/config/load.go:107.27,109.3 1 0
gabe565.com/changelog-generator/internal/config/load.go:111.2,111.47 1 1
gabe565.com/changelog-generator/internal/config/load.go:111.47,113.17 2 1
gabe565.com/changelog-generator/internal/config/load.go:113.17,115.4 1 0
gabe565.com/changelog-generator/internal/config/load.go:116.3,116.62 1 1
gabe565.com/changelog-generator/internal/config/load.go:118.2,118.47 1 1
gabe565.com/changelog-generator/internal/config/load.go:118.47,120.17 2 0
gabe565.com/changelog-generator/internal/config/load.go:120.17,122.4 1 0
gabe565.com/changelog-generator/internal/config/load.go:123.3,123.62 1 0
gabe565.com/changelog-generator/internal/config/load.go:126.2,126.27 1 1
gabe565.com/changelog-generator/internal/config/load.go:126.27,129.69 3 0
gabe565.com/changelog-generator/internal/config/load.go:129.69,131.4 1 0
gabe565.com/changelog-generator/internal/config/load.go:134.2,134.18 1 1
gabe565.com/changelog-generator/internal/config/load.go:137.37,140.2 2 1
gabe565.com/changelog-generator/internal/config/load.go:147.52,148.49 1 1
gabe565.com/changelog-generator/internal/config/load.go:148.49,150.3 1 1
gabe565.com/changelog-generator/internal/config/load.go:150.8,150.26 1 1
gabe565.com/changelog-generator/internal/config/load.go:150.26,152.3 1 1
gabe565.com/changelog-generator/internal/config/load.go:154.2,155.6 2 1
gabe565.com/changelog-generator/internal/config/load.go:155.6,156.65 1 1
gabe565.com/changelog-generator/internal/config/load.go:156.65,158.4 1 1
gabe565.com/changelog-generator/internal/config/load.go:159.3,160.21 2 1
gabe565.com/changelog-generator/internal/config/load.go:160.21,162.4 1 1
gabe565.com/changelog-generator/internal/config/load.go:163.3,163.16 1 1
gabe565.com/changelog-generator/internal/config/tag.go:10.36,11.17 1 0
gabe565.com/changelog-generator/internal/config/tag.go:11.17,13.3 1 0
gabe565.com/changelog-generator/internal/config/tag.go:14.2,14.28 1 0
gabe565.com/changelog-generator/internal/util/commit.go:9.44,12.2 2 1
